2011/10/12 09:34:43 [trace] [system.CModule] Loading "log" application component
in D:\DocRoot\joomtu\application\index.php (14)
2011/10/12 09:34:43 [trace] [system.CModule] Loading "request" application component
in D:\DocRoot\joomtu\application\index.php (14)
2011/10/12 09:34:43 [trace] [system.CModule] Loading "urlManager" application component
in D:\DocRoot\joomtu\application\index.php (14)
2011/10/12 09:34:43 [trace] [system.CModule] Loading "cache" application component
in D:\DocRoot\joomtu\application\index.php (14)
2011/10/12 09:34:43 [trace] [system.caching.CMemCache] Serving "Yii.CUrlManager.rules" from cache
in D:\DocRoot\joomtu\application\index.php (14)
2011/10/12 09:34:43 [trace] [system.CModule] Loading "clientScript" application component
in D:\DocRoot\joomtu\application\protected\modules\srbac\controllers\FrontController.php (35)
in D:\DocRoot\joomtu\application\index.php (14)
2011/10/12 09:34:43 [trace] [system.base.CModule] Loading "srbac" module
in D:\DocRoot\joomtu\application\protected\modules\srbac\components\Helper.php (339)
in D:\DocRoot\joomtu\application\protected\modules\srbac\controllers\FrontController.php (42)
in D:\DocRoot\joomtu\application\index.php (14)
2011/10/12 09:34:44 [trace] [system.CModule] Loading "assetManager" application component
in D:\DocRoot\joomtu\application\protected\modules\srbac\components\Helper.php (488)
in D:\DocRoot\joomtu\application\protected\modules\srbac\SrbacModule.php (104)
in D:\DocRoot\joomtu\application\protected\modules\srbac\components\Helper.php (339)
2011/10/12 09:34:44 [trace] [system.CModule] Loading "themeManager" application component
in D:\DocRoot\joomtu\application\protected\controllers\SiteController.php (54)
in D:\DocRoot\joomtu\application\index.php (14)
2011/10/12 09:34:44 [trace] [system.CModule] Loading "widgetFactory" application component
in D:\DocRoot\joomtu\application\themes\classic\views\layouts\column1.php (1)
in D:\DocRoot\joomtu\application\protected\controllers\SiteController.php (54)
in D:\DocRoot\joomtu\application\index.php (14)
2011/10/12 09:34:44 [trace] [system.CModule] Loading "user" application component
in D:\DocRoot\joomtu\application\themes\classic\views\layouts\main.php (29)
in D:\DocRoot\joomtu\application\themes\classic\views\layouts\column1.php (3)
in D:\DocRoot\joomtu\application\protected\controllers\SiteController.php (54)
2011/10/12 09:34:44 [trace] [system.CModule] Loading "session" application component
in D:\DocRoot\joomtu\application\themes\classic\views\layouts\main.php (29)
in D:\DocRoot\joomtu\application\themes\classic\views\layouts\column1.php (3)
in D:\DocRoot\joomtu\application\protected\controllers\SiteController.php (54)
2011/10/12 09:34:44 [trace] [system.CModule] Loading "securityManager" application component
in D:\DocRoot\joomtu\application\themes\classic\views\layouts\main.php (29)
in D:\DocRoot\joomtu\application\themes\classic\views\layouts\column1.php (3)
in D:\DocRoot\joomtu\application\protected\controllers\SiteController.php (54)
2011/10/12 12:03:00 [trace] [system.CModule] Loading "log" application component
in D:\DocRoot\joomtu\application\index.php (14)
2011/10/12 12:03:00 [trace] [system.CModule] Loading "request" application component
in D:\DocRoot\joomtu\application\index.php (14)
2011/10/12 12:03:00 [trace] [system.CModule] Loading "urlManager" application component
in D:\DocRoot\joomtu\application\index.php (14)
2011/10/12 12:03:00 [trace] [system.CModule] Loading "cache" application component
in D:\DocRoot\joomtu\application\index.php (14)
2011/10/12 12:03:00 [trace] [system.caching.CMemCache] Serving "Yii.CUrlManager.rules" from cache
in D:\DocRoot\joomtu\application\index.php (14)
2011/10/12 12:03:00 [trace] [system.CModule] Loading "clientScript" application component
in D:\DocRoot\joomtu\application\protected\modules\srbac\controllers\FrontController.php (35)
in D:\DocRoot\joomtu\application\index.php (14)
2011/10/12 12:03:00 [trace] [system.base.CModule] Loading "srbac" module
in D:\DocRoot\joomtu\application\protected\modules\srbac\components\Helper.php (339)
in D:\DocRoot\joomtu\application\protected\modules\srbac\controllers\FrontController.php (42)
in D:\DocRoot\joomtu\application\index.php (14)
2011/10/12 12:03:00 [trace] [system.CModule] Loading "assetManager" application component
in D:\DocRoot\joomtu\application\protected\modules\srbac\components\Helper.php (488)
in D:\DocRoot\joomtu\application\protected\modules\srbac\SrbacModule.php (104)
in D:\DocRoot\joomtu\application\protected\modules\srbac\components\Helper.php (339)
2011/10/12 12:03:00 [trace] [system.CModule] Loading "themeManager" application component
in D:\DocRoot\joomtu\application\protected\controllers\SiteController.php (54)
in D:\DocRoot\joomtu\application\index.php (14)
2011/10/12 12:03:00 [trace] [system.CModule] Loading "widgetFactory" application component
in D:\DocRoot\joomtu\application\themes\classic\views\layouts\column1.php (1)
in D:\DocRoot\joomtu\application\protected\controllers\SiteController.php (54)
in D:\DocRoot\joomtu\application\index.php (14)
2011/10/12 12:03:00 [trace] [system.CModule] Loading "user" application component
in D:\DocRoot\joomtu\application\themes\classic\views\layouts\main.php (29)
in D:\DocRoot\joomtu\application\themes\classic\views\layouts\column1.php (3)
in D:\DocRoot\joomtu\application\protected\controllers\SiteController.php (54)
2011/10/12 12:03:00 [trace] [system.CModule] Loading "session" application component
in D:\DocRoot\joomtu\application\themes\classic\views\layouts\main.php (29)
in D:\DocRoot\joomtu\application\themes\classic\views\layouts\column1.php (3)
in D:\DocRoot\joomtu\application\protected\controllers\SiteController.php (54)
2011/10/12 12:03:00 [trace] [system.CModule] Loading "securityManager" application component
in D:\DocRoot\joomtu\application\themes\classic\views\layouts\main.php (29)
in D:\DocRoot\joomtu\application\themes\classic\views\layouts\column1.php (3)
in D:\DocRoot\joomtu\application\protected\controllers\SiteController.php (54)
2011/10/12 12:03:00 [trace] [system.CModule] Loading "statePersister" application component
in D:\DocRoot\joomtu\application\themes\classic\views\layouts\main.php (29)
in D:\DocRoot\joomtu\application\themes\classic\views\layouts\column1.php (3)
in D:\DocRoot\joomtu\application\protected\controllers\SiteController.php (54)
2011/10/27 09:00:19 [trace] [system.CModule] Loading "log" application component
in D:\DocRoot\joomtu\application\index.php (14)
2011/10/27 09:00:19 [trace] [system.CModule] Loading "request" application component
in D:\DocRoot\joomtu\application\index.php (14)
2011/10/27 09:00:19 [trace] [system.CModule] Loading "urlManager" application component
in D:\DocRoot\joomtu\application\index.php (14)
2011/10/27 09:00:19 [trace] [system.CModule] Loading "cache" application component
in D:\DocRoot\joomtu\application\index.php (14)
2011/10/27 09:00:19 [trace] [system.caching.CMemCache] Serving "Yii.CUrlManager.rules" from cache
in D:\DocRoot\joomtu\application\index.php (14)
2011/10/27 09:00:19 [trace] [system.base.CModule] Loading "gii" module
in D:\DocRoot\joomtu\application\index.php (14)
2011/10/27 09:00:19 [trace] [system.CModule] Loading "user" application component
in D:\DocRoot\joomtu\application\index.php (14)
2011/10/27 09:00:19 [trace] [system.CModule] Loading "session" application component
in D:\DocRoot\joomtu\application\index.php (14)
2011/10/27 09:00:19 [trace] [system.CModule] Loading "log" application component
in D:\DocRoot\joomtu\application\index.php (14)
2011/10/27 09:00:19 [trace] [system.CModule] Loading "request" application component
in D:\DocRoot\joomtu\application\index.php (14)
2011/10/27 09:00:19 [trace] [system.CModule] Loading "urlManager" application component
in D:\DocRoot\joomtu\application\index.php (14)
2011/10/27 09:00:19 [trace] [system.CModule] Loading "cache" application component
in D:\DocRoot\joomtu\application\index.php (14)
2011/10/27 09:00:19 [trace] [system.caching.CMemCache] Serving "Yii.CUrlManager.rules" from cache
in D:\DocRoot\joomtu\application\index.php (14)
2011/10/27 09:00:19 [trace] [system.base.CModule] Loading "gii" module
in D:\DocRoot\joomtu\application\index.php (14)
2011/10/27 09:00:19 [trace] [system.CModule] Loading "user" application component
in D:\DocRoot\joomtu\application\index.php (14)
2011/10/27 09:00:19 [trace] [system.CModule] Loading "session" application component
in D:\DocRoot\joomtu\application\index.php (14)
2011/10/27 09:00:19 [trace] [system.CModule] Loading "themeManager" application component
in D:\DocRoot\joomtu\application\index.php (14)
2011/10/27 09:00:19 [trace] [system.CModule] Loading "widgetFactory" application component
in D:\DocRoot\joomtu\application\index.php (14)
2011/10/27 09:00:19 [trace] [system.CModule] Loading "clientScript" application component
in D:\DocRoot\joomtu\application\index.php (14)
2011/10/27 09:00:19 [trace] [system.CModule] Loading "assetManager" application component
in D:\DocRoot\joomtu\application\index.php (14)
2011/10/27 09:00:20 [trace] [system.CModule] Loading "log" application component
in D:\DocRoot\joomtu\application\index.php (14)
2011/10/27 09:00:20 [trace] [system.CModule] Loading "request" application component
in D:\DocRoot\joomtu\application\index.php (14)
2011/10/27 09:00:20 [trace] [system.CModule] Loading "urlManager" application component
in D:\DocRoot\joomtu\application\index.php (14)
2011/10/27 09:00:20 [trace] [system.CModule] Loading "cache" application component
in D:\DocRoot\joomtu\application\index.php (14)
2011/10/27 09:00:20 [trace] [system.caching.CMemCache] Serving "Yii.CUrlManager.rules" from cache
in D:\DocRoot\joomtu\application\index.php (14)
2011/10/27 09:00:20 [trace] [system.CModule] Loading "coreMessages" application component
in D:\DocRoot\joomtu\application\index.php (14)
2011/10/27 09:00:20 [error] [exception.CHttpException.404] exception 'CHttpException' with message 'Unable to resolve the request "favicon.ico".' in D:\DocRoot\joomtu\framework\web\CWebApplication.php:281
Stack trace:
#0 D:\DocRoot\joomtu\framework\web\CWebApplication.php(136): CWebApplication->runController('favicon.ico')
#1 D:\DocRoot\joomtu\framework\base\CApplication.php(158): CWebApplication->processRequest()
#2 D:\DocRoot\joomtu\application\index.php(14): CApplication->run()
#3 {main} REQUEST_URI=/favicon.ico
2011/10/27 09:00:20 [trace] [system.CModule] Loading "errorHandler" application component
2011/10/27 09:00:20 [trace] [system.CModule] Loading "clientScript" application component
in D:\DocRoot\joomtu\application\protected\modules\srbac\controllers\FrontController.php (35)
2011/10/27 09:00:20 [trace] [system.base.CModule] Loading "srbac" module
in D:\DocRoot\joomtu\application\protected\modules\srbac\components\Helper.php (339)
in D:\DocRoot\joomtu\application\protected\modules\srbac\controllers\FrontController.php (42)
2011/10/27 09:00:20 [trace] [system.CModule] Loading "assetManager" application component
in D:\DocRoot\joomtu\application\protected\modules\srbac\components\Helper.php (488)
in D:\DocRoot\joomtu\application\protected\modules\srbac\SrbacModule.php (104)
in D:\DocRoot\joomtu\application\protected\modules\srbac\components\Helper.php (339)
2011/10/27 09:00:20 [trace] [system.CModule] Loading "themeManager" application component
in D:\DocRoot\joomtu\application\protected\controllers\SiteController.php (67)
2011/10/27 09:00:20 [trace] [system.CModule] Loading "widgetFactory" application component
in D:\DocRoot\joomtu\application\themes\classic\views\layouts\column1.php (1)
in D:\DocRoot\joomtu\application\protected\controllers\SiteController.php (67)
2011/10/27 09:00:20 [trace] [system.CModule] Loading "user" application component
in D:\DocRoot\joomtu\application\themes\classic\views\layouts\main.php (29)
in D:\DocRoot\joomtu\application\themes\classic\views\layouts\column1.php (3)
in D:\DocRoot\joomtu\application\protected\controllers\SiteController.php (67)
2011/10/27 09:00:20 [trace] [system.CModule] Loading "session" application component
in D:\DocRoot\joomtu\application\themes\classic\views\layouts\main.php (29)
in D:\DocRoot\joomtu\application\themes\classic\views\layouts\column1.php (3)
in D:\DocRoot\joomtu\application\protected\controllers\SiteController.php (67)
2011/10/27 09:00:20 [trace] [system.CModule] Loading "securityManager" application component
in D:\DocRoot\joomtu\application\themes\classic\views\layouts\main.php (29)
in D:\DocRoot\joomtu\application\themes\classic\views\layouts\column1.php (3)
in D:\DocRoot\joomtu\application\protected\controllers\SiteController.php (67)
2011/10/27 09:00:20 [trace] [system.CModule] Loading "statePersister" application component
in D:\DocRoot\joomtu\application\themes\classic\views\layouts\main.php (29)
in D:\DocRoot\joomtu\application\themes\classic\views\layouts\column1.php (3)
in D:\DocRoot\joomtu\application\protected\controllers\SiteController.php (67)
2011/10/27 09:00:20 [trace] [system.caching.CMemCache] Saving "Yii.CStatePersister.D:\DocRoot\joomtu\application\protected\runtime\state.bin" to cache
in D:\DocRoot\joomtu\application\themes\classic\views\layouts\main.php (29)
in D:\DocRoot\joomtu\application\themes\classic\views\layouts\column1.php (3)
in D:\DocRoot\joomtu\application\protected\controllers\SiteController.php (67)
2011/10/27 09:00:21 [trace] [system.CModule] Loading "log" application component
in D:\DocRoot\joomtu\application\index.php (14)
2011/10/27 09:00:21 [trace] [system.CModule] Loading "request" application component
in D:\DocRoot\joomtu\application\index.php (14)
2011/10/27 09:00:21 [trace] [system.CModule] Loading "urlManager" application component
in D:\DocRoot\joomtu\application\index.php (14)
2011/10/27 09:00:21 [trace] [system.CModule] Loading "cache" application component
in D:\DocRoot\joomtu\application\index.php (14)
2011/10/27 09:00:21 [trace] [system.caching.CMemCache] Serving "Yii.CUrlManager.rules" from cache
in D:\DocRoot\joomtu\application\index.php (14)
2011/10/27 09:00:21 [trace] [system.CModule] Loading "coreMessages" application component
in D:\DocRoot\joomtu\application\index.php (14)
2011/10/27 09:00:21 [error] [exception.CHttpException.404] exception 'CHttpException' with message 'Unable to resolve the request "favicon.ico".' in D:\DocRoot\joomtu\framework\web\CWebApplication.php:281
Stack trace:
#0 D:\DocRoot\joomtu\framework\web\CWebApplication.php(136): CWebApplication->runController('favicon.ico')
#1 D:\DocRoot\joomtu\framework\base\CApplication.php(158): CWebApplication->processRequest()
#2 D:\DocRoot\joomtu\application\index.php(14): CApplication->run()
#3 {main} REQUEST_URI=/favicon.ico
2011/10/27 09:00:21 [trace] [system.CModule] Loading "errorHandler" application component
2011/10/27 09:00:21 [trace] [system.CModule] Loading "clientScript" application component
in D:\DocRoot\joomtu\application\protected\modules\srbac\controllers\FrontController.php (35)
2011/10/27 09:00:21 [trace] [system.base.CModule] Loading "srbac" module
in D:\DocRoot\joomtu\application\protected\modules\srbac\components\Helper.php (339)
in D:\DocRoot\joomtu\application\protected\modules\srbac\controllers\FrontController.php (42)
2011/10/27 09:00:21 [trace] [system.CModule] Loading "assetManager" application component
in D:\DocRoot\joomtu\application\protected\modules\srbac\components\Helper.php (488)
in D:\DocRoot\joomtu\application\protected\modules\srbac\SrbacModule.php (104)
in D:\DocRoot\joomtu\application\protected\modules\srbac\components\Helper.php (339)
2011/10/27 09:00:21 [trace] [system.CModule] Loading "themeManager" application component
in D:\DocRoot\joomtu\application\protected\controllers\SiteController.php (67)
2011/10/27 09:00:21 [trace] [system.CModule] Loading "widgetFactory" application component
in D:\DocRoot\joomtu\application\themes\classic\views\layouts\column1.php (1)
in D:\DocRoot\joomtu\application\protected\controllers\SiteController.php (67)
2011/10/27 09:00:21 [trace] [system.CModule] Loading "user" application component
in D:\DocRoot\joomtu\application\themes\classic\views\layouts\main.php (29)
in D:\DocRoot\joomtu\application\themes\classic\views\layouts\column1.php (3)
in D:\DocRoot\joomtu\application\protected\controllers\SiteController.php (67)
2011/10/27 09:00:21 [trace] [system.CModule] Loading "session" application component
in D:\DocRoot\joomtu\application\themes\classic\views\layouts\main.php (29)
in D:\DocRoot\joomtu\application\themes\classic\views\layouts\column1.php (3)
in D:\DocRoot\joomtu\application\protected\controllers\SiteController.php (67)
2011/10/27 09:00:21 [trace] [system.CModule] Loading "securityManager" application component
in D:\DocRoot\joomtu\application\themes\classic\views\layouts\main.php (29)
in D:\DocRoot\joomtu\application\themes\classic\views\layouts\column1.php (3)
in D:\DocRoot\joomtu\application\protected\controllers\SiteController.php (67)
2011/10/27 09:00:21 [trace] [system.CModule] Loading "statePersister" application component
in D:\DocRoot\joomtu\application\themes\classic\views\layouts\main.php (29)
in D:\DocRoot\joomtu\application\themes\classic\views\layouts\column1.php (3)
in D:\DocRoot\joomtu\application\protected\controllers\SiteController.php (67)
2011/10/27 09:00:21 [trace] [system.caching.CMemCache] Serving "Yii.CStatePersister.D:\DocRoot\joomtu\application\protected\runtime\state.bin" from cache
in D:\DocRoot\joomtu\application\themes\classic\views\layouts\main.php (29)
in D:\DocRoot\joomtu\application\themes\classic\views\layouts\column1.php (3)
in D:\DocRoot\joomtu\application\protected\controllers\SiteController.php (67)
2011/10/27 09:00:22 [trace] [system.CModule] Loading "log" application component
in D:\DocRoot\joomtu\application\index.php (14)
2011/10/27 09:00:22 [trace] [system.CModule] Loading "request" application component
in D:\DocRoot\joomtu\application\index.php (14)
2011/10/27 09:00:22 [trace] [system.CModule] Loading "urlManager" application component
in D:\DocRoot\joomtu\application\index.php (14)
2011/10/27 09:00:22 [trace] [system.CModule] Loading "cache" application component
in D:\DocRoot\joomtu\application\index.php (14)
2011/10/27 09:00:22 [trace] [system.caching.CMemCache] Serving "Yii.CUrlManager.rules" from cache
in D:\DocRoot\joomtu\application\index.php (14)
2011/10/27 09:00:22 [trace] [system.base.CModule] Loading "gii" module
in D:\DocRoot\joomtu\application\index.php (14)
2011/10/27 09:00:22 [trace] [system.CModule] Loading "user" application component
in D:\DocRoot\joomtu\application\index.php (14)
2011/10/27 09:00:22 [trace] [system.CModule] Loading "session" application component
in D:\DocRoot\joomtu\application\index.php (14)
2011/10/27 09:00:22 [trace] [system.CModule] Loading "log" application component
in D:\DocRoot\joomtu\application\index.php (14)
2011/10/27 09:00:22 [trace] [system.CModule] Loading "request" application component
in D:\DocRoot\joomtu\application\index.php (14)
2011/10/27 09:00:22 [trace] [system.CModule] Loading "urlManager" application component
in D:\DocRoot\joomtu\application\index.php (14)
2011/10/27 09:00:22 [trace] [system.CModule] Loading "cache" application component
in D:\DocRoot\joomtu\application\index.php (14)
2011/10/27 09:00:22 [trace] [system.caching.CMemCache] Serving "Yii.CUrlManager.rules" from cache
in D:\DocRoot\joomtu\application\index.php (14)
2011/10/27 09:00:22 [trace] [system.base.CModule] Loading "gii" module
in D:\DocRoot\joomtu\application\index.php (14)
2011/10/27 09:00:22 [trace] [system.CModule] Loading "user" application component
in D:\DocRoot\joomtu\application\index.php (14)
2011/10/27 09:00:22 [trace] [system.CModule] Loading "session" application component
in D:\DocRoot\joomtu\application\index.php (14)
2011/10/27 09:00:22 [trace] [system.CModule] Loading "themeManager" application component
in D:\DocRoot\joomtu\application\index.php (14)
2011/10/27 09:00:22 [trace] [system.CModule] Loading "widgetFactory" application component
in D:\DocRoot\joomtu\application\index.php (14)
2011/10/27 09:00:22 [trace] [system.CModule] Loading "clientScript" application component
in D:\DocRoot\joomtu\application\index.php (14)
2011/10/27 09:00:22 [trace] [system.CModule] Loading "assetManager" application component
in D:\DocRoot\joomtu\application\index.php (14)
2011/10/27 09:00:26 [trace] [system.CModule] Loading "log" application component
in D:\DocRoot\joomtu\application\index.php (14)
2011/10/27 09:00:26 [trace] [system.CModule] Loading "request" application component
in D:\DocRoot\joomtu\application\index.php (14)
2011/10/27 09:00:26 [trace] [system.CModule] Loading "urlManager" application component
in D:\DocRoot\joomtu\application\index.php (14)
2011/10/27 09:00:26 [trace] [system.CModule] Loading "cache" application component
in D:\DocRoot\joomtu\application\index.php (14)
2011/10/27 09:00:26 [trace] [system.caching.CMemCache] Serving "Yii.CUrlManager.rules" from cache
in D:\DocRoot\joomtu\application\index.php (14)
2011/10/27 09:00:26 [trace] [system.base.CModule] Loading "gii" module
in D:\DocRoot\joomtu\application\index.php (14)
2011/10/27 09:00:26 [trace] [system.CModule] Loading "user" application component
in D:\DocRoot\joomtu\application\index.php (14)
2011/10/27 09:00:26 [trace] [system.CModule] Loading "session" application component
in D:\DocRoot\joomtu\application\index.php (14)
2011/10/27 09:00:26 [trace] [system.CModule] Loading "db" application component
in D:\DocRoot\joomtu\application\index.php (14)
2011/10/27 09:00:26 [trace] [system.db.CDbConnection] Opening DB connection
in D:\DocRoot\joomtu\application\index.php (14)
2011/10/27 09:00:26 [trace] [system.CModule] Loading "themeManager" application component
in D:\DocRoot\joomtu\application\index.php (14)
2011/10/27 09:00:26 [trace] [system.CModule] Loading "clientScript" application component
in D:\DocRoot\joomtu\application\index.php (14)
2011/10/27 09:00:26 [trace] [system.CModule] Loading "widgetFactory" application component
in D:\DocRoot\joomtu\application\index.php (14)
2011/10/27 09:00:26 [trace] [system.CModule] Loading "assetManager" application component
in D:\DocRoot\joomtu\application\index.php (14)
2011/10/27 09:00:55 [trace] [system.CModule] Loading "log" application component
in D:\DocRoot\joomtu\application\index.php (14)
2011/10/27 09:00:55 [trace] [system.CModule] Loading "request" application component
in D:\DocRoot\joomtu\application\index.php (14)
2011/10/27 09:00:55 [trace] [system.CModule] Loading "urlManager" application component
in D:\DocRoot\joomtu\application\index.php (14)
2011/10/27 09:00:55 [trace] [system.CModule] Loading "cache" application component
in D:\DocRoot\joomtu\application\index.php (14)
2011/10/27 09:00:55 [trace] [system.caching.CMemCache] Serving "Yii.CUrlManager.rules" from cache
in D:\DocRoot\joomtu\application\index.php (14)
2011/10/27 09:00:55 [trace] [system.base.CModule] Loading "gii" module
in D:\DocRoot\joomtu\application\index.php (14)
2011/10/27 09:00:55 [trace] [system.CModule] Loading "user" application component
in D:\DocRoot\joomtu\application\index.php (14)
2011/10/27 09:00:55 [trace] [system.CModule] Loading "session" application component
in D:\DocRoot\joomtu\application\index.php (14)
2011/10/27 09:00:55 [trace] [system.CModule] Loading "db" application component
in D:\DocRoot\joomtu\application\index.php (14)
2011/10/27 09:00:55 [trace] [system.db.CDbConnection] Opening DB connection
in D:\DocRoot\joomtu\application\index.php (14)
2011/10/27 09:00:55 [trace] [system.db.CDbCommand] Querying SQL: SHOW COLUMNS FROM `area`
in D:\DocRoot\joomtu\application\index.php (14)
2011/10/27 09:00:55 [trace] [system.CModule] Loading "coreMessages" application component
in D:\DocRoot\joomtu\application\index.php (14)
2011/10/27 09:00:55 [error] [system.db.CDbCommand] CDbCommand::fetchAll() failed: SQLSTATE[42S02]: Base table or view not found: 1146 Table 'joomtu.area' doesn't exist. The SQL statement executed was: SHOW COLUMNS FROM `area`.
in D:\DocRoot\joomtu\application\index.php (14)
2011/10/27 09:00:55 [trace] [system.CModule] Loading "themeManager" application component
in D:\DocRoot\joomtu\application\index.php (14)
2011/10/27 09:00:55 [trace] [system.CModule] Loading "clientScript" application component
in D:\DocRoot\joomtu\application\index.php (14)
2011/10/27 09:00:55 [trace] [system.CModule] Loading "widgetFactory" application component
in D:\DocRoot\joomtu\application\index.php (14)
2011/10/27 09:00:55 [trace] [system.CModule] Loading "assetManager" application component
in D:\DocRoot\joomtu\application\index.php (14)
2011/10/27 09:01:02 [trace] [system.CModule] Loading "log" application component
in D:\DocRoot\joomtu\application\index.php (14)
2011/10/27 09:01:02 [trace] [system.CModule] Loading "request" application component
in D:\DocRoot\joomtu\application\index.php (14)
2011/10/27 09:01:02 [trace] [system.CModule] Loading "urlManager" application component
in D:\DocRoot\joomtu\application\index.php (14)
2011/10/27 09:01:02 [trace] [system.CModule] Loading "cache" application component
in D:\DocRoot\joomtu\application\index.php (14)
2011/10/27 09:01:02 [trace] [system.caching.CMemCache] Serving "Yii.CUrlManager.rules" from cache
in D:\DocRoot\joomtu\application\index.php (14)
2011/10/27 09:01:02 [trace] [system.base.CModule] Loading "gii" module
in D:\DocRoot\joomtu\application\index.php (14)
2011/10/27 09:01:02 [trace] [system.CModule] Loading "user" application component
in D:\DocRoot\joomtu\application\index.php (14)
2011/10/27 09:01:02 [trace] [system.CModule] Loading "session" application component
in D:\DocRoot\joomtu\application\index.php (14)
2011/10/27 09:01:02 [trace] [system.CModule] Loading "db" application component
in D:\DocRoot\joomtu\application\index.php (14)
2011/10/27 09:01:02 [trace] [system.db.CDbConnection] Opening DB connection
in D:\DocRoot\joomtu\application\index.php (14)
2011/10/27 09:01:02 [trace] [system.db.CDbCommand] Querying SQL: SHOW COLUMNS FROM `jt_area`
in D:\DocRoot\joomtu\application\index.php (14)
2011/10/27 09:01:02 [trace] [system.db.CDbCommand] Querying SQL: SHOW CREATE TABLE `jt_area`
in D:\DocRoot\joomtu\application\index.php (14)
2011/10/27 09:01:02 [trace] [system.db.CDbCommand] Querying SQL: SHOW TABLES
in D:\DocRoot\joomtu\application\index.php (14)
2011/10/27 09:01:02 [trace] [system.db.CDbCommand] Querying SQL: SHOW COLUMNS FROM `jt_assignment`
in D:\DocRoot\joomtu\application\index.php (14)
2011/10/27 09:01:02 [trace] [system.db.CDbCommand] Querying SQL: SHOW CREATE TABLE `jt_assignment`
in D:\DocRoot\joomtu\application\index.php (14)
2011/10/27 09:01:02 [trace] [system.db.CDbCommand] Querying SQL: SHOW COLUMNS FROM `jt_item`
in D:\DocRoot\joomtu\application\index.php (14)
2011/10/27 09:01:02 [trace] [system.db.CDbCommand] Querying SQL: SHOW CREATE TABLE `jt_item`
in D:\DocRoot\joomtu\application\index.php (14)
2011/10/27 09:01:02 [trace] [system.db.CDbCommand] Querying SQL: SHOW COLUMNS FROM `jt_item_children`
in D:\DocRoot\joomtu\application\index.php (14)
2011/10/27 09:01:02 [trace] [system.db.CDbCommand] Querying SQL: SHOW CREATE TABLE `jt_item_children`
in D:\DocRoot\joomtu\application\index.php (14)
2011/10/27 09:01:02 [trace] [system.db.CDbCommand] Querying SQL: SHOW COLUMNS FROM `jt_menu`
in D:\DocRoot\joomtu\application\index.php (14)
2011/10/27 09:01:02 [trace] [system.db.CDbCommand] Querying SQL: SHOW CREATE TABLE `jt_menu`
in D:\DocRoot\joomtu\application\index.php (14)
2011/10/27 09:01:02 [trace] [system.db.CDbCommand] Querying SQL: SHOW COLUMNS FROM `jt_merchant`
in D:\DocRoot\joomtu\application\index.php (14)
2011/10/27 09:01:02 [trace] [system.db.CDbCommand] Querying SQL: SHOW CREATE TABLE `jt_merchant`
in D:\DocRoot\joomtu\application\index.php (14)
2011/10/27 09:01:02 [trace] [system.db.CDbCommand] Querying SQL: SHOW COLUMNS FROM `jt_message`
in D:\DocRoot\joomtu\application\index.php (14)
2011/10/27 09:01:02 [trace] [system.db.CDbCommand] Querying SQL: SHOW CREATE TABLE `jt_message`
in D:\DocRoot\joomtu\application\index.php (14)
2011/10/27 09:01:02 [trace] [system.db.CDbCommand] Querying SQL: SHOW COLUMNS FROM `jt_region`
in D:\DocRoot\joomtu\application\index.php (14)
2011/10/27 09:01:02 [trace] [system.db.CDbCommand] Querying SQL: SHOW CREATE TABLE `jt_region`
in D:\DocRoot\joomtu\application\index.php (14)
2011/10/27 09:01:02 [trace] [system.db.CDbCommand] Querying SQL: SHOW COLUMNS FROM `jt_region_code`
in D:\DocRoot\joomtu\application\index.php (14)
2011/10/27 09:01:02 [trace] [system.db.CDbCommand] Querying SQL: SHOW CREATE TABLE `jt_region_code`
in D:\DocRoot\joomtu\application\index.php (14)
2011/10/27 09:01:02 [trace] [system.db.CDbCommand] Querying SQL: SHOW COLUMNS FROM `jt_user`
in D:\DocRoot\joomtu\application\index.php (14)
2011/10/27 09:01:02 [trace] [system.db.CDbCommand] Querying SQL: SHOW CREATE TABLE `jt_user`
in D:\DocRoot\joomtu\application\index.php (14)
2011/10/27 09:01:02 [trace] [system.db.CDbCommand] Querying SQL: SHOW COLUMNS FROM `jt_user_ext`
in D:\DocRoot\joomtu\application\index.php (14)
2011/10/27 09:01:02 [trace] [system.db.CDbCommand] Querying SQL: SHOW CREATE TABLE `jt_user_ext`
in D:\DocRoot\joomtu\application\index.php (14)
2011/10/27 09:01:02 [trace] [system.db.CDbCommand] Querying SQL: SHOW COLUMNS FROM `jt_user_role`
in D:\DocRoot\joomtu\application\index.php (14)
2011/10/27 09:01:02 [trace] [system.db.CDbCommand] Querying SQL: SHOW CREATE TABLE `jt_user_role`
in D:\DocRoot\joomtu\application\index.php (14)
2011/10/27 09:01:02 [trace] [system.db.CDbCommand] Querying SQL: SHOW COLUMNS FROM `mb_user`
in D:\DocRoot\joomtu\application\index.php (14)
2011/10/27 09:01:02 [trace] [system.db.CDbCommand] Querying SQL: SHOW CREATE TABLE `mb_user`
in D:\DocRoot\joomtu\application\index.php (14)
2011/10/27 09:01:02 [trace] [system.db.CDbCommand] Querying SQL: SHOW COLUMNS FROM `mb_user_detail`
in D:\DocRoot\joomtu\application\index.php (14)
2011/10/27 09:01:02 [trace] [system.db.CDbCommand] Querying SQL: SHOW CREATE TABLE `mb_user_detail`
in D:\DocRoot\joomtu\application\index.php (14)
2011/10/27 09:01:02 [trace] [system.CModule] Loading "themeManager" application component
in D:\DocRoot\joomtu\application\index.php (14)
2011/10/27 09:01:02 [trace] [system.CModule] Loading "clientScript" application component
in D:\DocRoot\joomtu\application\index.php (14)
2011/10/27 09:01:02 [trace] [system.CModule] Loading "widgetFactory" application component
in D:\DocRoot\joomtu\application\index.php (14)
2011/10/27 09:01:02 [trace] [system.CModule] Loading "assetManager" application component
in D:\DocRoot\joomtu\application\index.php (14)
2011/10/27 09:01:05 [trace] [system.CModule] Loading "log" application component
in D:\DocRoot\joomtu\application\index.php (14)
2011/10/27 09:01:05 [trace] [system.CModule] Loading "request" application component
in D:\DocRoot\joomtu\application\index.php (14)
2011/10/27 09:01:05 [trace] [system.CModule] Loading "urlManager" application component
in D:\DocRoot\joomtu\application\index.php (14)
2011/10/27 09:01:05 [trace] [system.CModule] Loading "cache" application component
in D:\DocRoot\joomtu\application\index.php (14)
2011/10/27 09:01:05 [trace] [system.caching.CMemCache] Serving "Yii.CUrlManager.rules" from cache
in D:\DocRoot\joomtu\application\index.php (14)
2011/10/27 09:01:05 [trace] [system.base.CModule] Loading "gii" module
in D:\DocRoot\joomtu\application\index.php (14)
2011/10/27 09:01:05 [trace] [system.CModule] Loading "user" application component
in D:\DocRoot\joomtu\application\index.php (14)
2011/10/27 09:01:05 [trace] [system.CModule] Loading "session" application component
in D:\DocRoot\joomtu\application\index.php (14)
2011/10/27 09:01:05 [trace] [system.CModule] Loading "db" application component
in D:\DocRoot\joomtu\application\index.php (14)
2011/10/27 09:01:05 [trace] [system.db.CDbConnection] Opening DB connection
in D:\DocRoot\joomtu\application\index.php (14)
2011/10/27 09:01:05 [trace] [system.db.CDbCommand] Querying SQL: SHOW COLUMNS FROM `jt_area`
in D:\DocRoot\joomtu\application\index.php (14)
2011/10/27 09:01:05 [trace] [system.db.CDbCommand] Querying SQL: SHOW CREATE TABLE `jt_area`
in D:\DocRoot\joomtu\application\index.php (14)
2011/10/27 09:01:05 [trace] [system.db.CDbCommand] Querying SQL: SHOW TABLES
in D:\DocRoot\joomtu\application\index.php (14)
2011/10/27 09:01:05 [trace] [system.db.CDbCommand] Querying SQL: SHOW COLUMNS FROM `jt_assignment`
in D:\DocRoot\joomtu\application\index.php (14)
2011/10/27 09:01:05 [trace] [system.db.CDbCommand] Querying SQL: SHOW CREATE TABLE `jt_assignment`
in D:\DocRoot\joomtu\application\index.php (14)
2011/10/27 09:01:05 [trace] [system.db.CDbCommand] Querying SQL: SHOW COLUMNS FROM `jt_item`
in D:\DocRoot\joomtu\application\index.php (14)
2011/10/27 09:01:05 [trace] [system.db.CDbCommand] Querying SQL: SHOW CREATE TABLE `jt_item`
in D:\DocRoot\joomtu\application\index.php (14)
2011/10/27 09:01:05 [trace] [system.db.CDbCommand] Querying SQL: SHOW COLUMNS FROM `jt_item_children`
in D:\DocRoot\joomtu\application\index.php (14)
2011/10/27 09:01:05 [trace] [system.db.CDbCommand] Querying SQL: SHOW CREATE TABLE `jt_item_children`
in D:\DocRoot\joomtu\application\index.php (14)
2011/10/27 09:01:05 [trace] [system.db.CDbCommand] Querying SQL: SHOW COLUMNS FROM `jt_menu`
in D:\DocRoot\joomtu\application\index.php (14)
2011/10/27 09:01:05 [trace] [system.db.CDbCommand] Querying SQL: SHOW CREATE TABLE `jt_menu`
in D:\DocRoot\joomtu\application\index.php (14)
2011/10/27 09:01:05 [trace] [system.db.CDbCommand] Querying SQL: SHOW COLUMNS FROM `jt_merchant`
in D:\DocRoot\joomtu\application\index.php (14)
2011/10/27 09:01:05 [trace] [system.db.CDbCommand] Querying SQL: SHOW CREATE TABLE `jt_merchant`
in D:\DocRoot\joomtu\application\index.php (14)
2011/10/27 09:01:05 [trace] [system.db.CDbCommand] Querying SQL: SHOW COLUMNS FROM `jt_message`
in D:\DocRoot\joomtu\application\index.php (14)
2011/10/27 09:01:05 [trace] [system.db.CDbCommand] Querying SQL: SHOW CREATE TABLE `jt_message`
in D:\DocRoot\joomtu\application\index.php (14)
2011/10/27 09:01:05 [trace] [system.db.CDbCommand] Querying SQL: SHOW COLUMNS FROM `jt_region`
in D:\DocRoot\joomtu\application\index.php (14)
2011/10/27 09:01:05 [trace] [system.db.CDbCommand] Querying SQL: SHOW CREATE TABLE `jt_region`
in D:\DocRoot\joomtu\application\index.php (14)
2011/10/27 09:01:05 [trace] [system.db.CDbCommand] Querying SQL: SHOW COLUMNS FROM `jt_region_code`
in D:\DocRoot\joomtu\application\index.php (14)
2011/10/27 09:01:05 [trace] [system.db.CDbCommand] Querying SQL: SHOW CREATE TABLE `jt_region_code`
in D:\DocRoot\joomtu\application\index.php (14)
2011/10/27 09:01:05 [trace] [system.db.CDbCommand] Querying SQL: SHOW COLUMNS FROM `jt_user`
in D:\DocRoot\joomtu\application\index.php (14)
2011/10/27 09:01:05 [trace] [system.db.CDbCommand] Querying SQL: SHOW CREATE TABLE `jt_user`
in D:\DocRoot\joomtu\application\index.php (14)
2011/10/27 09:01:05 [trace] [system.db.CDbCommand] Querying SQL: SHOW COLUMNS FROM `jt_user_ext`
in D:\DocRoot\joomtu\application\index.php (14)
2011/10/27 09:01:05 [trace] [system.db.CDbCommand] Querying SQL: SHOW CREATE TABLE `jt_user_ext`
in D:\DocRoot\joomtu\application\index.php (14)
2011/10/27 09:01:05 [trace] [system.db.CDbCommand] Querying SQL: SHOW COLUMNS FROM `jt_user_role`
in D:\DocRoot\joomtu\application\index.php (14)
2011/10/27 09:01:05 [trace] [system.db.CDbCommand] Querying SQL: SHOW CREATE TABLE `jt_user_role`
in D:\DocRoot\joomtu\application\index.php (14)
2011/10/27 09:01:05 [trace] [system.db.CDbCommand] Querying SQL: SHOW COLUMNS FROM `mb_user`
in D:\DocRoot\joomtu\application\index.php (14)
2011/10/27 09:01:05 [trace] [system.db.CDbCommand] Querying SQL: SHOW CREATE TABLE `mb_user`
in D:\DocRoot\joomtu\application\index.php (14)
2011/10/27 09:01:05 [trace] [system.db.CDbCommand] Querying SQL: SHOW COLUMNS FROM `mb_user_detail`
in D:\DocRoot\joomtu\application\index.php (14)
2011/10/27 09:01:05 [trace] [system.db.CDbCommand] Querying SQL: SHOW CREATE TABLE `mb_user_detail`
in D:\DocRoot\joomtu\application\index.php (14)
2011/10/27 09:01:05 [trace] [system.CModule] Loading "themeManager" application component
in D:\DocRoot\joomtu\application\index.php (14)
2011/10/27 09:01:05 [trace] [system.CModule] Loading "clientScript" application component
in D:\DocRoot\joomtu\application\index.php (14)
2011/10/27 09:01:05 [trace] [system.CModule] Loading "widgetFactory" application component
in D:\DocRoot\joomtu\application\index.php (14)
2011/10/27 09:01:05 [trace] [system.CModule] Loading "assetManager" application component
in D:\DocRoot\joomtu\application\index.php (14)
2011/10/27 09:01:55 [trace] [system.CModule] Loading "log" application component
in D:\DocRoot\joomtu\application\index.php (14)
2011/10/27 09:01:55 [trace] [system.CModule] Loading "request" application component
in D:\DocRoot\joomtu\application\index.php (14)
2011/10/27 09:01:55 [trace] [system.CModule] Loading "urlManager" application component
in D:\DocRoot\joomtu\application\index.php (14)
2011/10/27 09:01:55 [trace] [system.CModule] Loading "cache" application component
in D:\DocRoot\joomtu\application\index.php (14)
2011/10/27 09:01:55 [trace] [system.caching.CMemCache] Serving "Yii.CUrlManager.rules" from cache
in D:\DocRoot\joomtu\application\index.php (14)
2011/10/27 09:01:55 [trace] [system.base.CModule] Loading "gii" module
in D:\DocRoot\joomtu\application\index.php (14)
2011/10/27 09:01:55 [trace] [system.CModule] Loading "user" application component
in D:\DocRoot\joomtu\application\index.php (14)
2011/10/27 09:01:55 [trace] [system.CModule] Loading "session" application component
in D:\DocRoot\joomtu\application\index.php (14)
2011/10/27 09:01:55 [trace] [system.CModule] Loading "themeManager" application component
in D:\DocRoot\joomtu\application\index.php (14)
2011/10/27 09:01:55 [trace] [system.CModule] Loading "widgetFactory" application component
in D:\DocRoot\joomtu\application\index.php (14)
2011/10/27 09:01:55 [trace] [system.CModule] Loading "clientScript" application component
in D:\DocRoot\joomtu\application\index.php (14)
2011/10/27 09:01:55 [trace] [system.CModule] Loading "assetManager" application component
in D:\DocRoot\joomtu\application\index.php (14)
2011/10/27 11:18:30 [trace] [system.CModule] Loading "log" application component
in D:\DocRoot\joomtu\application\index.php (14)
2011/10/27 11:18:30 [trace] [system.CModule] Loading "request" application component
in D:\DocRoot\joomtu\application\index.php (14)
2011/10/27 11:18:30 [trace] [system.CModule] Loading "urlManager" application component
in D:\DocRoot\joomtu\application\index.php (14)
2011/10/27 11:18:30 [trace] [system.CModule] Loading "cache" application component
in D:\DocRoot\joomtu\application\index.php (14)
2011/10/27 11:18:30 [trace] [system.caching.CMemCache] Serving "Yii.CUrlManager.rules" from cache
in D:\DocRoot\joomtu\application\index.php (14)
2011/10/27 11:18:30 [trace] [system.base.CModule] Loading "gii" module
in D:\DocRoot\joomtu\application\index.php (14)
2011/10/27 11:18:30 [trace] [system.CModule] Loading "user" application component
in D:\DocRoot\joomtu\application\index.php (14)
2011/10/27 11:18:30 [trace] [system.CModule] Loading "session" application component
in D:\DocRoot\joomtu\application\index.php (14)
2011/10/27 11:18:30 [trace] [system.CModule] Loading "db" application component
in D:\DocRoot\joomtu\application\index.php (14)
2011/10/27 11:18:30 [trace] [system.db.CDbConnection] Opening DB connection
in D:\DocRoot\joomtu\application\index.php (14)
2011/10/27 11:18:30 [trace] [system.db.CDbCommand] Querying SQL: SHOW COLUMNS FROM `jt_User`
in D:\DocRoot\joomtu\application\index.php (14)
2011/10/27 11:18:30 [trace] [system.db.CDbCommand] Querying SQL: SHOW CREATE TABLE `jt_User`
in D:\DocRoot\joomtu\application\index.php (14)
2011/10/27 11:18:30 [trace] [system.CModule] Loading "themeManager" application component
in D:\DocRoot\joomtu\application\index.php (14)
2011/10/27 11:18:30 [trace] [system.CModule] Loading "widgetFactory" application component
in D:\DocRoot\joomtu\application\index.php (14)
2011/10/27 11:18:30 [trace] [system.CModule] Loading "clientScript" application component
in D:\DocRoot\joomtu\application\index.php (14)
2011/10/27 11:18:30 [trace] [system.CModule] Loading "assetManager" application component
in D:\DocRoot\joomtu\application\index.php (14)
2011/10/27 11:19:13 [trace] [system.CModule] Loading "log" application component
in D:\DocRoot\joomtu\application\index.php (14)
2011/10/27 11:19:13 [trace] [system.CModule] Loading "request" application component
in D:\DocRoot\joomtu\application\index.php (14)
2011/10/27 11:19:13 [trace] [system.CModule] Loading "urlManager" application component
in D:\DocRoot\joomtu\application\index.php (14)
2011/10/27 11:19:13 [trace] [system.CModule] Loading "cache" application component
in D:\DocRoot\joomtu\application\index.php (14)
2011/10/27 11:19:13 [trace] [system.caching.CMemCache] Serving "Yii.CUrlManager.rules" from cache
in D:\DocRoot\joomtu\application\index.php (14)
2011/10/27 11:19:13 [trace] [system.base.CModule] Loading "gii" module
in D:\DocRoot\joomtu\application\index.php (14)
2011/10/27 11:19:13 [trace] [system.CModule] Loading "user" application component
in D:\DocRoot\joomtu\application\index.php (14)
2011/10/27 11:19:13 [trace] [system.CModule] Loading "session" application component
in D:\DocRoot\joomtu\application\index.php (14)
2011/10/27 11:19:13 [trace] [system.CModule] Loading "db" application component
in D:\DocRoot\joomtu\application\index.php (14)
2011/10/27 11:19:13 [trace] [system.db.CDbConnection] Opening DB connection
in D:\DocRoot\joomtu\application\index.php (14)
2011/10/27 11:19:13 [trace] [system.db.CDbCommand] Querying SQL: SHOW COLUMNS FROM `jt_User`
in D:\DocRoot\joomtu\application\index.php (14)
2011/10/27 11:19:13 [trace] [system.db.CDbCommand] Querying SQL: SHOW CREATE TABLE `jt_User`
in D:\DocRoot\joomtu\application\index.php (14)
2011/10/27 11:19:13 [trace] [system.CModule] Loading "themeManager" application component
in D:\DocRoot\joomtu\application\index.php (14)
2011/10/27 11:19:13 [trace] [system.CModule] Loading "widgetFactory" application component
in D:\DocRoot\joomtu\application\index.php (14)
2011/10/27 11:19:13 [trace] [system.CModule] Loading "clientScript" application component
in D:\DocRoot\joomtu\application\index.php (14)
2011/10/27 11:19:13 [trace] [system.CModule] Loading "assetManager" application component
in D:\DocRoot\joomtu\application\index.php (14)
2011/10/27 11:19:35 [trace] [system.CModule] Loading "log" application component
in D:\DocRoot\joomtu\application\index.php (14)
2011/10/27 11:19:35 [trace] [system.CModule] Loading "request" application component
in D:\DocRoot\joomtu\application\index.php (14)
2011/10/27 11:19:35 [trace] [system.CModule] Loading "urlManager" application component
in D:\DocRoot\joomtu\application\index.php (14)
2011/10/27 11:19:35 [trace] [system.CModule] Loading "cache" application component
in D:\DocRoot\joomtu\application\index.php (14)
2011/10/27 11:19:35 [trace] [system.caching.CMemCache] Serving "Yii.CUrlManager.rules" from cache
in D:\DocRoot\joomtu\application\index.php (14)
2011/10/27 11:19:35 [trace] [system.base.CModule] Loading "gii" module
in D:\DocRoot\joomtu\application\index.php (14)
2011/10/27 11:19:35 [trace] [system.CModule] Loading "user" application component
in D:\DocRoot\joomtu\application\index.php (14)
2011/10/27 11:19:35 [trace] [system.CModule] Loading "session" application component
in D:\DocRoot\joomtu\application\index.php (14)
2011/10/27 11:19:35 [trace] [system.CModule] Loading "db" application component
in D:\DocRoot\joomtu\application\index.php (14)
2011/10/27 11:19:35 [trace] [system.db.CDbConnection] Opening DB connection
in D:\DocRoot\joomtu\application\index.php (14)
2011/10/27 11:19:35 [trace] [system.db.CDbCommand] Querying SQL: SHOW COLUMNS FROM `jt_User`
in D:\DocRoot\joomtu\application\index.php (14)
2011/10/27 11:19:35 [trace] [system.db.CDbCommand] Querying SQL: SHOW CREATE TABLE `jt_User`
in D:\DocRoot\joomtu\application\index.php (14)
2011/10/27 11:19:35 [trace] [system.CModule] Loading "themeManager" application component
in D:\DocRoot\joomtu\application\index.php (14)
2011/10/27 11:19:35 [trace] [system.CModule] Loading "widgetFactory" application component
in D:\DocRoot\joomtu\application\index.php (14)
2011/10/27 11:19:35 [trace] [system.CModule] Loading "clientScript" application component
in D:\DocRoot\joomtu\application\index.php (14)
2011/10/27 11:19:35 [trace] [system.CModule] Loading "assetManager" application component
in D:\DocRoot\joomtu\application\index.php (14)
2011/10/27 11:19:38 [trace] [system.CModule] Loading "log" application component
in D:\DocRoot\joomtu\application\index.php (14)
2011/10/27 11:19:38 [trace] [system.CModule] Loading "request" application component
in D:\DocRoot\joomtu\application\index.php (14)
2011/10/27 11:19:38 [trace] [system.CModule] Loading "urlManager" application component
in D:\DocRoot\joomtu\application\index.php (14)
2011/10/27 11:19:38 [trace] [system.CModule] Loading "cache" application component
in D:\DocRoot\joomtu\application\index.php (14)
2011/10/27 11:19:38 [trace] [system.caching.CMemCache] Serving "Yii.CUrlManager.rules" from cache
in D:\DocRoot\joomtu\application\index.php (14)
2011/10/27 11:19:38 [trace] [system.base.CModule] Loading "gii" module
in D:\DocRoot\joomtu\application\index.php (14)
2011/10/27 11:19:38 [trace] [system.CModule] Loading "user" application component
in D:\DocRoot\joomtu\application\index.php (14)
2011/10/27 11:19:38 [trace] [system.CModule] Loading "session" application component
in D:\DocRoot\joomtu\application\index.php (14)
2011/10/27 11:19:38 [trace] [system.CModule] Loading "db" application component
in D:\DocRoot\joomtu\application\index.php (14)
2011/10/27 11:19:38 [trace] [system.db.CDbConnection] Opening DB connection
in D:\DocRoot\joomtu\application\index.php (14)
2011/10/27 11:19:38 [trace] [system.db.CDbCommand] Querying SQL: SHOW COLUMNS FROM `jt_User`
in D:\DocRoot\joomtu\application\index.php (14)
2011/10/27 11:19:38 [trace] [system.db.CDbCommand] Querying SQL: SHOW CREATE TABLE `jt_User`
in D:\DocRoot\joomtu\application\index.php (14)
2011/10/27 11:19:38 [trace] [system.CModule] Loading "themeManager" application component
in D:\DocRoot\joomtu\application\index.php (14)
2011/10/27 11:19:38 [trace] [system.CModule] Loading "widgetFactory" application component
in D:\DocRoot\joomtu\application\index.php (14)
2011/10/27 11:19:38 [trace] [system.CModule] Loading "clientScript" application component
in D:\DocRoot\joomtu\application\index.php (14)
2011/10/27 11:19:38 [trace] [system.CModule] Loading "assetManager" application component
in D:\DocRoot\joomtu\application\index.php (14)
2011/10/27 11:20:50 [trace] [system.CModule] Loading "log" application component
in D:\DocRoot\joomtu\application\index.php (14)
2011/10/27 11:20:50 [trace] [system.CModule] Loading "request" application component
in D:\DocRoot\joomtu\application\index.php (14)
2011/10/27 11:20:50 [trace] [system.CModule] Loading "urlManager" application component
in D:\DocRoot\joomtu\application\index.php (14)
2011/10/27 11:20:50 [trace] [system.CModule] Loading "cache" application component
in D:\DocRoot\joomtu\application\index.php (14)
2011/10/27 11:20:50 [trace] [system.caching.CMemCache] Serving "Yii.CUrlManager.rules" from cache
in D:\DocRoot\joomtu\application\index.php (14)
2011/10/27 11:20:50 [trace] [system.base.CModule] Loading "gii" module
in D:\DocRoot\joomtu\application\index.php (14)
2011/10/27 11:20:50 [trace] [system.CModule] Loading "user" application component
in D:\DocRoot\joomtu\application\index.php (14)
2011/10/27 11:20:50 [trace] [system.CModule] Loading "session" application component
in D:\DocRoot\joomtu\application\index.php (14)
2011/10/27 11:20:50 [trace] [system.CModule] Loading "themeManager" application component
in D:\DocRoot\joomtu\application\index.php (14)
2011/10/27 11:20:50 [trace] [system.CModule] Loading "widgetFactory" application component
in D:\DocRoot\joomtu\application\index.php (14)
2011/10/27 11:20:50 [trace] [system.CModule] Loading "clientScript" application component
in D:\DocRoot\joomtu\application\index.php (14)
2011/10/27 11:20:50 [trace] [system.CModule] Loading "assetManager" application component
in D:\DocRoot\joomtu\application\index.php (14)
2011/10/27 11:20:52 [trace] [system.CModule] Loading "log" application component
in D:\DocRoot\joomtu\application\index.php (14)
2011/10/27 11:20:52 [trace] [system.CModule] Loading "request" application component
in D:\DocRoot\joomtu\application\index.php (14)
2011/10/27 11:20:52 [trace] [system.CModule] Loading "urlManager" application component
in D:\DocRoot\joomtu\application\index.php (14)
2011/10/27 11:20:52 [trace] [system.CModule] Loading "cache" application component
in D:\DocRoot\joomtu\application\index.php (14)
2011/10/27 11:20:52 [trace] [system.caching.CMemCache] Serving "Yii.CUrlManager.rules" from cache
in D:\DocRoot\joomtu\application\index.php (14)
2011/10/27 11:20:52 [trace] [system.base.CModule] Loading "gii" module
in D:\DocRoot\joomtu\application\index.php (14)
2011/10/27 11:20:52 [trace] [system.CModule] Loading "user" application component
in D:\DocRoot\joomtu\application\index.php (14)
2011/10/27 11:20:52 [trace] [system.CModule] Loading "session" application component
in D:\DocRoot\joomtu\application\index.php (14)
2011/10/27 11:20:52 [trace] [system.CModule] Loading "db" application component
in D:\DocRoot\joomtu\application\index.php (14)
2011/10/27 11:20:52 [trace] [system.db.CDbConnection] Opening DB connection
in D:\DocRoot\joomtu\application\index.php (14)
2011/10/27 11:20:52 [trace] [system.CModule] Loading "themeManager" application component
in D:\DocRoot\joomtu\application\index.php (14)
2011/10/27 11:20:52 [trace] [system.CModule] Loading "clientScript" application component
in D:\DocRoot\joomtu\application\index.php (14)
2011/10/27 11:20:52 [trace] [system.CModule] Loading "widgetFactory" application component
in D:\DocRoot\joomtu\application\index.php (14)
2011/10/27 11:20:52 [trace] [system.CModule] Loading "assetManager" application component
in D:\DocRoot\joomtu\application\index.php (14)
2011/10/27 11:20:52 [trace] [system.CModule] Loading "log" application component
in D:\DocRoot\joomtu\application\index.php (14)
2011/10/27 11:20:52 [trace] [system.CModule] Loading "request" application component
in D:\DocRoot\joomtu\application\index.php (14)
2011/10/27 11:20:52 [trace] [system.CModule] Loading "urlManager" application component
in D:\DocRoot\joomtu\application\index.php (14)
2011/10/27 11:20:52 [trace] [system.CModule] Loading "cache" application component
in D:\DocRoot\joomtu\application\index.php (14)
2011/10/27 11:20:52 [trace] [system.caching.CMemCache] Serving "Yii.CUrlManager.rules" from cache
in D:\DocRoot\joomtu\application\index.php (14)
2011/10/27 11:20:52 [trace] [system.base.CModule] Loading "gii" module
in D:\DocRoot\joomtu\application\index.php (14)
2011/10/27 11:20:52 [trace] [system.CModule] Loading "user" application component
in D:\DocRoot\joomtu\application\index.php (14)
2011/10/27 11:20:52 [trace] [system.CModule] Loading "session" application component
in D:\DocRoot\joomtu\application\index.php (14)
2011/10/27 11:20:52 [trace] [system.CModule] Loading "themeManager" application component
in D:\DocRoot\joomtu\application\index.php (14)
2011/10/27 11:20:52 [trace] [system.CModule] Loading "widgetFactory" application component
in D:\DocRoot\joomtu\application\index.php (14)
2011/10/27 11:20:52 [trace] [system.CModule] Loading "clientScript" application component
in D:\DocRoot\joomtu\application\index.php (14)
2011/10/27 11:20:52 [trace] [system.CModule] Loading "assetManager" application component
in D:\DocRoot\joomtu\application\index.php (14)
2011/10/27 11:20:54 [trace] [system.CModule] Loading "log" application component
in D:\DocRoot\joomtu\application\index.php (14)
2011/10/27 11:20:54 [trace] [system.CModule] Loading "request" application component
in D:\DocRoot\joomtu\application\index.php (14)
2011/10/27 11:20:54 [trace] [system.CModule] Loading "urlManager" application component
in D:\DocRoot\joomtu\application\index.php (14)
2011/10/27 11:20:54 [trace] [system.CModule] Loading "cache" application component
in D:\DocRoot\joomtu\application\index.php (14)
2011/10/27 11:20:54 [trace] [system.caching.CMemCache] Serving "Yii.CUrlManager.rules" from cache
in D:\DocRoot\joomtu\application\index.php (14)
2011/10/27 11:20:54 [trace] [system.base.CModule] Loading "gii" module
in D:\DocRoot\joomtu\application\index.php (14)
2011/10/27 11:20:54 [trace] [system.CModule] Loading "user" application component
in D:\DocRoot\joomtu\application\index.php (14)
2011/10/27 11:20:54 [trace] [system.CModule] Loading "session" application component
in D:\DocRoot\joomtu\application\index.php (14)
2011/10/27 11:20:54 [trace] [system.CModule] Loading "db" application component
in D:\DocRoot\joomtu\application\index.php (14)
2011/10/27 11:20:54 [trace] [system.db.CDbConnection] Opening DB connection
in D:\DocRoot\joomtu\application\index.php (14)
2011/10/27 11:20:54 [trace] [system.CModule] Loading "themeManager" application component
in D:\DocRoot\joomtu\application\index.php (14)
2011/10/27 11:20:54 [trace] [system.CModule] Loading "clientScript" application component
in D:\DocRoot\joomtu\application\index.php (14)
2011/10/27 11:20:54 [trace] [system.CModule] Loading "widgetFactory" application component
in D:\DocRoot\joomtu\application\index.php (14)
2011/10/27 11:20:54 [trace] [system.CModule] Loading "assetManager" application component
in D:\DocRoot\joomtu\application\index.php (14)
2012/04/05 20:39:38 [trace] [system.CModule] Loading "log" application component
in /var/www/joomtu_2012/joomtu/index.php (14)
2012/04/05 20:39:38 [trace] [system.CModule] Loading "request" application component
in /var/www/joomtu_2012/joomtu/index.php (14)
2012/04/05 20:39:38 [trace] [system.CModule] Loading "urlManager" application component
in /var/www/joomtu_2012/joomtu/index.php (14)
2012/04/05 20:39:38 [trace] [system.CModule] Loading "cache" application component
in /var/www/joomtu_2012/joomtu/index.php (14)
2012/04/05 20:39:39 [trace] [system.caching.CMemCache] Saving "Yii.CUrlManager.rules" to cache
in /var/www/joomtu_2012/joomtu/index.php (14)
2012/04/05 20:39:39 [trace] [system.base.CModule] Loading "srbac" module
in /var/www/joomtu_2012/joomtu/index.php (14)
2012/04/05 20:39:39 [trace] [system.CModule] Loading "assetManager" application component
in /var/www/joomtu_2012/joomtu/protected/modules/srbac/components/Helper.php (488)
in /var/www/joomtu_2012/joomtu/protected/modules/srbac/SrbacModule.php (104)
in /var/www/joomtu_2012/joomtu/index.php (14)
2012/04/05 20:39:39 [trace] [system.CModule] Loading "clientScript" application component
in /var/www/joomtu_2012/joomtu/protected/modules/srbac/components/Helper.php (490)
in /var/www/joomtu_2012/joomtu/protected/modules/srbac/SrbacModule.php (104)
in /var/www/joomtu_2012/joomtu/index.php (14)
2012/04/05 20:39:39 [trace] [system.CModule] Loading "log" application component
in /var/www/joomtu_2012/joomtu/index.php (14)
2012/04/05 20:39:39 [trace] [system.CModule] Loading "request" application component
in /var/www/joomtu_2012/joomtu/index.php (14)
2012/04/05 20:39:39 [trace] [system.CModule] Loading "urlManager" application component
in /var/www/joomtu_2012/joomtu/index.php (14)
2012/04/05 20:39:39 [trace] [system.CModule] Loading "cache" application component
in /var/www/joomtu_2012/joomtu/index.php (14)
2012/04/05 20:39:39 [trace] [system.caching.CMemCache] Serving "Yii.CUrlManager.rules" from cache
in /var/www/joomtu_2012/joomtu/index.php (14)
2012/04/05 20:39:39 [trace] [system.base.CModule] Loading "srbac" module
in /var/www/joomtu_2012/joomtu/index.php (14)
2012/04/05 20:39:39 [trace] [system.CModule] Loading "assetManager" application component
in /var/www/joomtu_2012/joomtu/protected/modules/srbac/components/Helper.php (488)
in /var/www/joomtu_2012/joomtu/protected/modules/srbac/SrbacModule.php (104)
in /var/www/joomtu_2012/joomtu/index.php (14)
2012/04/05 20:39:39 [trace] [system.CModule] Loading "clientScript" application component
in /var/www/joomtu_2012/joomtu/protected/modules/srbac/components/Helper.php (490)
in /var/www/joomtu_2012/joomtu/protected/modules/srbac/SrbacModule.php (104)
in /var/www/joomtu_2012/joomtu/index.php (14)
2012/04/05 20:39:39 [trace] [system.CModule] Loading "authManager" application component
in /var/www/joomtu_2012/joomtu/protected/modules/srbac/SrbacModule.php (244)
in /var/www/joomtu_2012/joomtu/protected/modules/srbac/controllers/AuthitemController.php (43)
in /var/www/joomtu_2012/joomtu/index.php (14)
2012/04/05 20:39:39 [trace] [system.CModule] Loading "db" application component
in /var/www/joomtu_2012/joomtu/protected/modules/srbac/SrbacModule.php (244)
in /var/www/joomtu_2012/joomtu/protected/modules/srbac/controllers/AuthitemController.php (43)
in /var/www/joomtu_2012/joomtu/index.php (14)
2012/04/05 20:39:39 [trace] [system.db.CDbConnection] Opening DB connection
in /var/www/joomtu_2012/joomtu/protected/modules/srbac/SrbacModule.php (244)
in /var/www/joomtu_2012/joomtu/protected/modules/srbac/controllers/AuthitemController.php (43)
in /var/www/joomtu_2012/joomtu/index.php (14)
2012/04/05 20:39:39 [trace] [system.db.CDbCommand] Querying SQL: SHOW TABLES
in /var/www/joomtu_2012/joomtu/protected/modules/srbac/SrbacModule.php (244)
in /var/www/joomtu_2012/joomtu/protected/modules/srbac/controllers/AuthitemController.php (43)
in /var/www/joomtu_2012/joomtu/index.php (14)
2012/04/05 20:39:39 [trace] [system.db.CDbCommand] Querying SQL: SHOW COLUMNS FROM `jt_item`
in /var/www/joomtu_2012/joomtu/protected/modules/srbac/models/AuthItem.php (40)
in /var/www/joomtu_2012/joomtu/protected/modules/srbac/SrbacModule.php (248)
in /var/www/joomtu_2012/joomtu/protected/modules/srbac/controllers/AuthitemController.php (43)
2012/04/05 20:39:39 [trace] [system.db.CDbCommand] Querying SQL: SHOW CREATE TABLE `jt_item`
in /var/www/joomtu_2012/joomtu/protected/modules/srbac/models/AuthItem.php (40)
in /var/www/joomtu_2012/joomtu/protected/modules/srbac/SrbacModule.php (248)
in /var/www/joomtu_2012/joomtu/protected/modules/srbac/controllers/AuthitemController.php (43)
2012/04/05 20:39:39 [trace] [system.CModule] Loading "themeManager" application component
in /var/www/joomtu_2012/joomtu/protected/modules/srbac/controllers/AuthitemController.php (1004)
in /var/www/joomtu_2012/joomtu/index.php (14)
2012/04/05 20:39:39 [trace] [system.CModule] Loading "tr" application component
in /var/www/joomtu_2012/joomtu/protected/modules/srbac/components/Helper.php (376)
in /var/www/joomtu_2012/joomtu/protected/modules/srbac/views/authitem/frontpage.php (22)
in /var/www/joomtu_2012/joomtu/protected/modules/srbac/controllers/AuthitemController.php (1004)
2012/04/05 20:39:39 [trace] [system.CModule] Loading "user" application component
in /var/www/joomtu_2012/joomtu/protected/views/layouts/main.php (34)
in /var/www/joomtu_2012/joomtu/protected/modules/srbac/controllers/AuthitemController.php (1004)
in /var/www/joomtu_2012/joomtu/index.php (14)
2012/04/05 20:39:39 [trace] [system.CModule] Loading "session" application component
in /var/www/joomtu_2012/joomtu/protected/views/layouts/main.php (34)
in /var/www/joomtu_2012/joomtu/protected/modules/srbac/controllers/AuthitemController.php (1004)
in /var/www/joomtu_2012/joomtu/index.php (14)
2012/04/05 20:39:39 [trace] [system.CModule] Loading "securityManager" application component
in /var/www/joomtu_2012/joomtu/protected/views/layouts/main.php (34)
in /var/www/joomtu_2012/joomtu/protected/modules/srbac/controllers/AuthitemController.php (1004)
in /var/www/joomtu_2012/joomtu/index.php (14)
2012/04/05 20:39:39 [trace] [system.CModule] Loading "statePersister" application component
in /var/www/joomtu_2012/joomtu/protected/views/layouts/main.php (34)
in /var/www/joomtu_2012/joomtu/protected/modules/srbac/controllers/AuthitemController.php (1004)
in /var/www/joomtu_2012/joomtu/index.php (14)
2012/04/05 20:39:39 [trace] [system.caching.CMemCache] Saving "Yii.CStatePersister./var/www/joomtu_2012/joomtu/protected/runtime/state.bin" to cache
in /var/www/joomtu_2012/joomtu/protected/views/layouts/main.php (34)
in /var/www/joomtu_2012/joomtu/protected/modules/srbac/controllers/AuthitemController.php (1004)
in /var/www/joomtu_2012/joomtu/index.php (14)
2012/04/05 20:39:39 [trace] [system.CModule] Loading "widgetFactory" application component
in /var/www/joomtu_2012/joomtu/protected/views/layouts/main.php (37)
in /var/www/joomtu_2012/joomtu/protected/modules/srbac/controllers/AuthitemController.php (1004)
in /var/www/joomtu_2012/joomtu/index.php (14)
2012/04/05 20:39:39 [trace] [system.CModule] Loading "coreMessages" application component
in /var/www/joomtu_2012/joomtu/protected/views/layouts/main.php (50)
in /var/www/joomtu_2012/joomtu/protected/modules/srbac/controllers/AuthitemController.php (1004)
in /var/www/joomtu_2012/joomtu/index.php (14)
2012/04/05 20:39:39 [trace] [system.CModule] Loading "log" application component
in /var/www/joomtu_2012/joomtu/index.php (14)
2012/04/05 20:39:39 [trace] [system.CModule] Loading "request" application component
in /var/www/joomtu_2012/joomtu/index.php (14)
2012/04/05 20:39:39 [trace] [system.CModule] Loading "urlManager" application component
in /var/www/joomtu_2012/joomtu/index.php (14)
2012/04/05 20:39:39 [trace] [system.CModule] Loading "cache" application component
in /var/www/joomtu_2012/joomtu/index.php (14)
2012/04/05 20:39:39 [trace] [system.caching.CMemCache] Serving "Yii.CUrlManager.rules" from cache
in /var/www/joomtu_2012/joomtu/index.php (14)
2012/04/05 20:39:39 [trace] [system.CModule] Loading "coreMessages" application component
in /var/www/joomtu_2012/joomtu/index.php (14)
2012/04/05 20:39:39 [error] [exception.CHttpException.404] exception 'CHttpException' with message 'Unable to resolve the request "css/bg.gif".' in /var/www/joomtu_2012/framework/web/CWebApplication.php:280
Stack trace:
#0 /var/www/joomtu_2012/framework/web/CWebApplication.php(135): CWebApplication->runController('css/bg.gif')
#1 /var/www/joomtu_2012/framework/base/CApplication.php(162): CWebApplication->processRequest()
#2 /var/www/joomtu_2012/joomtu/index.php(14): CApplication->run()
#3 {main}
REQUEST_URI=/css/bg.gif
HTTP_REFERER=http://dev.joomtu.com/css/main.css
---
2012/04/05 20:39:39 [trace] [system.CModule] Loading "errorHandler" application component
2012/04/05 20:39:39 [trace] [system.CModule] Loading "clientScript" application component
in /var/www/joomtu_2012/joomtu/protected/modules/srbac/controllers/FrontController.php (35)
2012/04/05 20:39:39 [trace] [system.base.CModule] Loading "srbac" module
in /var/www/joomtu_2012/joomtu/protected/modules/srbac/components/Helper.php (339)
in /var/www/joomtu_2012/joomtu/protected/modules/srbac/controllers/FrontController.php (42)
2012/04/05 20:39:39 [trace] [system.CModule] Loading "assetManager" application component
in /var/www/joomtu_2012/joomtu/protected/modules/srbac/components/Helper.php (488)
in /var/www/joomtu_2012/joomtu/protected/modules/srbac/SrbacModule.php (104)
in /var/www/joomtu_2012/joomtu/protected/modules/srbac/components/Helper.php (339)
2012/04/05 20:39:39 [trace] [system.CModule] Loading "themeManager" application component
in /var/www/joomtu_2012/joomtu/protected/controllers/SiteController.php (67)
2012/04/05 20:39:39 [trace] [system.CModule] Loading "widgetFactory" application component
in /var/www/joomtu_2012/joomtu/themes/classic/views/layouts/column1.php (1)
in /var/www/joomtu_2012/joomtu/protected/controllers/SiteController.php (67)
2012/04/05 20:39:39 [trace] [system.CModule] Loading "user" application component
in /var/www/joomtu_2012/joomtu/themes/classic/views/layouts/main.php (29)
in /var/www/joomtu_2012/joomtu/themes/classic/views/layouts/column1.php (3)
in /var/www/joomtu_2012/joomtu/protected/controllers/SiteController.php (67)
2012/04/05 20:39:39 [trace] [system.CModule] Loading "session" application component
in /var/www/joomtu_2012/joomtu/themes/classic/views/layouts/main.php (29)
in /var/www/joomtu_2012/joomtu/themes/classic/views/layouts/column1.php (3)
in /var/www/joomtu_2012/joomtu/protected/controllers/SiteController.php (67)
2012/04/05 20:39:39 [trace] [system.CModule] Loading "securityManager" application component
in /var/www/joomtu_2012/joomtu/themes/classic/views/layouts/main.php (29)
in /var/www/joomtu_2012/joomtu/themes/classic/views/layouts/column1.php (3)
in /var/www/joomtu_2012/joomtu/protected/controllers/SiteController.php (67)
2012/04/05 20:39:39 [trace] [system.CModule] Loading "statePersister" application component
in /var/www/joomtu_2012/joomtu/themes/classic/views/layouts/main.php (29)
in /var/www/joomtu_2012/joomtu/themes/classic/views/layouts/column1.php (3)
in /var/www/joomtu_2012/joomtu/protected/controllers/SiteController.php (67)
2012/04/05 20:39:39 [trace] [system.caching.CMemCache] Serving "Yii.CStatePersister./var/www/joomtu_2012/joomtu/protected/runtime/state.bin" from cache
in /var/www/joomtu_2012/joomtu/themes/classic/views/layouts/main.php (29)
in /var/www/joomtu_2012/joomtu/themes/classic/views/layouts/column1.php (3)
in /var/www/joomtu_2012/joomtu/protected/controllers/SiteController.php (67)
2012/04/05 20:41:48 [trace] [system.CModule] Loading "log" application component
in /var/www/joomtu_2012/joomtu/index.php (14)
2012/04/05 20:41:48 [trace] [system.CModule] Loading "request" application component
in /var/www/joomtu_2012/joomtu/index.php (14)
2012/04/05 20:41:48 [trace] [system.CModule] Loading "urlManager" application component
in /var/www/joomtu_2012/joomtu/index.php (14)
2012/04/05 20:41:48 [trace] [system.CModule] Loading "cache" application component
in /var/www/joomtu_2012/joomtu/index.php (14)
2012/04/05 20:41:48 [trace] [system.caching.CMemCache] Serving "Yii.CUrlManager.rules" from cache
in /var/www/joomtu_2012/joomtu/index.php (14)
2012/04/05 20:41:48 [trace] [system.CModule] Loading "clientScript" application component
in /var/www/joomtu_2012/joomtu/protected/modules/srbac/controllers/FrontController.php (35)
in /var/www/joomtu_2012/joomtu/index.php (14)
2012/04/05 20:41:48 [trace] [system.base.CModule] Loading "srbac" module
in /var/www/joomtu_2012/joomtu/protected/modules/srbac/components/Helper.php (339)
in /var/www/joomtu_2012/joomtu/protected/modules/srbac/controllers/FrontController.php (42)
in /var/www/joomtu_2012/joomtu/index.php (14)
2012/04/05 20:41:48 [trace] [system.CModule] Loading "assetManager" application component
in /var/www/joomtu_2012/joomtu/protected/modules/srbac/components/Helper.php (488)
in /var/www/joomtu_2012/joomtu/protected/modules/srbac/SrbacModule.php (104)
in /var/www/joomtu_2012/joomtu/protected/modules/srbac/components/Helper.php (339)
2012/04/05 20:41:48 [trace] [system.CModule] Loading "themeManager" application component
in /var/www/joomtu_2012/joomtu/protected/controllers/SiteController.php (54)
in /var/www/joomtu_2012/joomtu/index.php (14)
2012/04/05 20:41:48 [trace] [system.CModule] Loading "widgetFactory" application component
in /var/www/joomtu_2012/joomtu/themes/classic/views/layouts/column1.php (1)
in /var/www/joomtu_2012/joomtu/protected/controllers/SiteController.php (54)
in /var/www/joomtu_2012/joomtu/index.php (14)
2012/04/05 20:41:48 [trace] [system.CModule] Loading "user" application component
in /var/www/joomtu_2012/joomtu/themes/classic/views/layouts/main.php (29)
in /var/www/joomtu_2012/joomtu/themes/classic/views/layouts/column1.php (3)
in /var/www/joomtu_2012/joomtu/protected/controllers/SiteController.php (54)
2012/04/05 20:41:48 [trace] [system.CModule] Loading "session" application component
in /var/www/joomtu_2012/joomtu/themes/classic/views/layouts/main.php (29)
in /var/www/joomtu_2012/joomtu/themes/classic/views/layouts/column1.php (3)
in /var/www/joomtu_2012/joomtu/protected/controllers/SiteController.php (54)
2012/04/05 20:41:48 [trace] [system.CModule] Loading "securityManager" application component
in /var/www/joomtu_2012/joomtu/themes/classic/views/layouts/main.php (29)
in /var/www/joomtu_2012/joomtu/themes/classic/views/layouts/column1.php (3)
in /var/www/joomtu_2012/joomtu/protected/controllers/SiteController.php (54)
2012/04/05 20:41:48 [trace] [system.CModule] Loading "statePersister" application component
in /var/www/joomtu_2012/joomtu/themes/classic/views/layouts/main.php (29)
in /var/www/joomtu_2012/joomtu/themes/classic/views/layouts/column1.php (3)
in /var/www/joomtu_2012/joomtu/protected/controllers/SiteController.php (54)
2012/04/05 20:41:48 [trace] [system.caching.CMemCache] Serving "Yii.CStatePersister./var/www/joomtu_2012/joomtu/protected/runtime/state.bin" from cache
in /var/www/joomtu_2012/joomtu/themes/classic/views/layouts/main.php (29)
in /var/www/joomtu_2012/joomtu/themes/classic/views/layouts/column1.php (3)
in /var/www/joomtu_2012/joomtu/protected/controllers/SiteController.php (54)
2012/04/05 20:41:51 [trace] [system.CModule] Loading "log" application component
in /var/www/joomtu_2012/joomtu/index.php (14)
2012/04/05 20:41:51 [trace] [system.CModule] Loading "request" application component
in /var/www/joomtu_2012/joomtu/index.php (14)
2012/04/05 20:41:51 [trace] [system.CModule] Loading "urlManager" application component
in /var/www/joomtu_2012/joomtu/index.php (14)
2012/04/05 20:41:51 [trace] [system.CModule] Loading "cache" application component
in /var/www/joomtu_2012/joomtu/index.php (14)
2012/04/05 20:41:51 [trace] [system.caching.CMemCache] Serving "Yii.CUrlManager.rules" from cache
in /var/www/joomtu_2012/joomtu/index.php (14)
2012/04/05 20:41:51 [trace] [system.CModule] Loading "coreMessages" application component
in /var/www/joomtu_2012/joomtu/index.php (14)
2012/04/05 20:41:51 [error] [exception.CHttpException.404] exception 'CHttpException' with message 'Unable to resolve the request "home/index".' in /var/www/joomtu_2012/framework/web/CWebApplication.php:280
Stack trace:
#0 /var/www/joomtu_2012/framework/web/CWebApplication.php(135): CWebApplication->runController('home/index')
#1 /var/www/joomtu_2012/framework/base/CApplication.php(162): CWebApplication->processRequest()
#2 /var/www/joomtu_2012/joomtu/index.php(14): CApplication->run()
#3 {main}
REQUEST_URI=/index.php/home/index
HTTP_REFERER=http://dev.joomtu.com/
---
2012/04/05 20:41:51 [trace] [system.CModule] Loading "errorHandler" application component
2012/04/05 20:41:51 [trace] [system.CModule] Loading "clientScript" application component
in /var/www/joomtu_2012/joomtu/protected/modules/srbac/controllers/FrontController.php (35)
2012/04/05 20:41:51 [trace] [system.base.CModule] Loading "srbac" module
in /var/www/joomtu_2012/joomtu/protected/modules/srbac/components/Helper.php (339)
in /var/www/joomtu_2012/joomtu/protected/modules/srbac/controllers/FrontController.php (42)
2012/04/05 20:41:51 [trace] [system.CModule] Loading "assetManager" application component
in /var/www/joomtu_2012/joomtu/protected/modules/srbac/components/Helper.php (488)
in /var/www/joomtu_2012/joomtu/protected/modules/srbac/SrbacModule.php (104)
in /var/www/joomtu_2012/joomtu/protected/modules/srbac/components/Helper.php (339)
2012/04/05 20:41:51 [trace] [system.CModule] Loading "themeManager" application component
in /var/www/joomtu_2012/joomtu/protected/controllers/SiteController.php (67)
2012/04/05 20:41:51 [trace] [system.CModule] Loading "widgetFactory" application component
in /var/www/joomtu_2012/joomtu/themes/classic/views/layouts/column1.php (1)
in /var/www/joomtu_2012/joomtu/protected/controllers/SiteController.php (67)
2012/04/05 20:41:51 [trace] [system.CModule] Loading "user" application component
in /var/www/joomtu_2012/joomtu/themes/classic/views/layouts/main.php (29)
in /var/www/joomtu_2012/joomtu/themes/classic/views/layouts/column1.php (3)
in /var/www/joomtu_2012/joomtu/protected/controllers/SiteController.php (67)
2012/04/05 20:41:51 [trace] [system.CModule] Loading "session" application component
in /var/www/joomtu_2012/joomtu/themes/classic/views/layouts/main.php (29)
in /var/www/joomtu_2012/joomtu/themes/classic/views/layouts/column1.php (3)
in /var/www/joomtu_2012/joomtu/protected/controllers/SiteController.php (67)
2012/04/05 20:41:51 [trace] [system.CModule] Loading "securityManager" application component
in /var/www/joomtu_2012/joomtu/themes/classic/views/layouts/main.php (29)
in /var/www/joomtu_2012/joomtu/themes/classic/views/layouts/column1.php (3)
in /var/www/joomtu_2012/joomtu/protected/controllers/SiteController.php (67)
2012/04/05 20:41:51 [trace] [system.CModule] Loading "statePersister" application component
in /var/www/joomtu_2012/joomtu/themes/classic/views/layouts/main.php (29)
in /var/www/joomtu_2012/joomtu/themes/classic/views/layouts/column1.php (3)
in /var/www/joomtu_2012/joomtu/protected/controllers/SiteController.php (67)
2012/04/05 20:41:51 [trace] [system.caching.CMemCache] Serving "Yii.CStatePersister./var/www/joomtu_2012/joomtu/protected/runtime/state.bin" from cache
in /var/www/joomtu_2012/joomtu/themes/classic/views/layouts/main.php (29)
in /var/www/joomtu_2012/joomtu/themes/classic/views/layouts/column1.php (3)
in /var/www/joomtu_2012/joomtu/protected/controllers/SiteController.php (67)
2012/04/05 20:41:52 [trace] [system.CModule] Loading "log" application component
in /var/www/joomtu_2012/joomtu/index.php (14)
2012/04/05 20:41:52 [trace] [system.CModule] Loading "request" application component
in /var/www/joomtu_2012/joomtu/index.php (14)
2012/04/05 20:41:52 [trace] [system.CModule] Loading "urlManager" application component
in /var/www/joomtu_2012/joomtu/index.php (14)
2012/04/05 20:41:52 [trace] [system.CModule] Loading "cache" application component
in /var/www/joomtu_2012/joomtu/index.php (14)
2012/04/05 20:41:52 [trace] [system.caching.CMemCache] Serving "Yii.CUrlManager.rules" from cache
in /var/www/joomtu_2012/joomtu/index.php (14)
2012/04/05 20:41:52 [trace] [system.CModule] Loading "coreMessages" application component
in /var/www/joomtu_2012/joomtu/index.php (14)
2012/04/05 20:41:52 [error] [exception.CHttpException.404] exception 'CHttpException' with message 'Unable to resolve the request "topic/index".' in /var/www/joomtu_2012/framework/web/CWebApplication.php:280
Stack trace:
#0 /var/www/joomtu_2012/framework/web/CWebApplication.php(135): CWebApplication->runController('topic/index')
#1 /var/www/joomtu_2012/framework/base/CApplication.php(162): CWebApplication->processRequest()
#2 /var/www/joomtu_2012/joomtu/index.php(14): CApplication->run()
#3 {main}
REQUEST_URI=/index.php/topic/index
HTTP_REFERER=http://dev.joomtu.com/index.php/home/index
---
2012/04/05 20:41:52 [trace] [system.CModule] Loading "errorHandler" application component
2012/04/05 20:41:52 [trace] [system.CModule] Loading "clientScript" application component
in /var/www/joomtu_2012/joomtu/protected/modules/srbac/controllers/FrontController.php (35)
2012/04/05 20:41:52 [trace] [system.base.CModule] Loading "srbac" module
in /var/www/joomtu_2012/joomtu/protected/modules/srbac/components/Helper.php (339)
in /var/www/joomtu_2012/joomtu/protected/modules/srbac/controllers/FrontController.php (42)
2012/04/05 20:41:52 [trace] [system.CModule] Loading "assetManager" application component
in /var/www/joomtu_2012/joomtu/protected/modules/srbac/components/Helper.php (488)
in /var/www/joomtu_2012/joomtu/protected/modules/srbac/SrbacModule.php (104)
in /var/www/joomtu_2012/joomtu/protected/modules/srbac/components/Helper.php (339)
2012/04/05 20:41:52 [trace] [system.CModule] Loading "themeManager" application component
in /var/www/joomtu_2012/joomtu/protected/controllers/SiteController.php (67)
2012/04/05 20:41:52 [trace] [system.CModule] Loading "widgetFactory" application component
in /var/www/joomtu_2012/joomtu/themes/classic/views/layouts/column1.php (1)
in /var/www/joomtu_2012/joomtu/protected/controllers/SiteController.php (67)
2012/04/05 20:41:52 [trace] [system.CModule] Loading "user" application component
in /var/www/joomtu_2012/joomtu/themes/classic/views/layouts/main.php (29)
in /var/www/joomtu_2012/joomtu/themes/classic/views/layouts/column1.php (3)
in /var/www/joomtu_2012/joomtu/protected/controllers/SiteController.php (67)
2012/04/05 20:41:52 [trace] [system.CModule] Loading "session" application component
in /var/www/joomtu_2012/joomtu/themes/classic/views/layouts/main.php (29)
in /var/www/joomtu_2012/joomtu/themes/classic/views/layouts/column1.php (3)
in /var/www/joomtu_2012/joomtu/protected/controllers/SiteController.php (67)
2012/04/05 20:41:52 [trace] [system.CModule] Loading "securityManager" application component
in /var/www/joomtu_2012/joomtu/themes/classic/views/layouts/main.php (29)
in /var/www/joomtu_2012/joomtu/themes/classic/views/layouts/column1.php (3)
in /var/www/joomtu_2012/joomtu/protected/controllers/SiteController.php (67)
2012/04/05 20:41:52 [trace] [system.CModule] Loading "statePersister" application component
in /var/www/joomtu_2012/joomtu/themes/classic/views/layouts/main.php (29)
in /var/www/joomtu_2012/joomtu/themes/classic/views/layouts/column1.php (3)
in /var/www/joomtu_2012/joomtu/protected/controllers/SiteController.php (67)
2012/04/05 20:41:52 [trace] [system.caching.CMemCache] Serving "Yii.CStatePersister./var/www/joomtu_2012/joomtu/protected/runtime/state.bin" from cache
in /var/www/joomtu_2012/joomtu/themes/classic/views/layouts/main.php (29)
in /var/www/joomtu_2012/joomtu/themes/classic/views/layouts/column1.php (3)
in /var/www/joomtu_2012/joomtu/protected/controllers/SiteController.php (67)
2012/04/05 20:41:53 [trace] [system.CModule] Loading "log" application component
in /var/www/joomtu_2012/joomtu/index.php (14)
2012/04/05 20:41:53 [trace] [system.CModule] Loading "request" application component
in /var/www/joomtu_2012/joomtu/index.php (14)
2012/04/05 20:41:53 [trace] [system.CModule] Loading "urlManager" application component
in /var/www/joomtu_2012/joomtu/index.php (14)
2012/04/05 20:41:53 [trace] [system.CModule] Loading "cache" application component
in /var/www/joomtu_2012/joomtu/index.php (14)
2012/04/05 20:41:53 [trace] [system.caching.CMemCache] Serving "Yii.CUrlManager.rules" from cache
in /var/www/joomtu_2012/joomtu/index.php (14)
2012/04/05 20:41:53 [trace] [system.CModule] Loading "coreMessages" application component
in /var/www/joomtu_2012/joomtu/index.php (14)
2012/04/05 20:41:53 [error] [exception.CHttpException.404] exception 'CHttpException' with message 'Unable to resolve the request "activity/index".' in /var/www/joomtu_2012/framework/web/CWebApplication.php:280
Stack trace:
#0 /var/www/joomtu_2012/framework/web/CWebApplication.php(135): CWebApplication->runController('activity/index')
#1 /var/www/joomtu_2012/framework/base/CApplication.php(162): CWebApplication->processRequest()
#2 /var/www/joomtu_2012/joomtu/index.php(14): CApplication->run()
#3 {main}
REQUEST_URI=/index.php/activity/index
HTTP_REFERER=http://dev.joomtu.com/index.php/topic/index
---
2012/04/05 20:41:53 [trace] [system.CModule] Loading "errorHandler" application component
2012/04/05 20:41:53 [trace] [system.CModule] Loading "clientScript" application component
in /var/www/joomtu_2012/joomtu/protected/modules/srbac/controllers/FrontController.php (35)
2012/04/05 20:41:53 [trace] [system.base.CModule] Loading "srbac" module
in /var/www/joomtu_2012/joomtu/protected/modules/srbac/components/Helper.php (339)
in /var/www/joomtu_2012/joomtu/protected/modules/srbac/controllers/FrontController.php (42)
2012/04/05 20:41:53 [trace] [system.CModule] Loading "assetManager" application component
in /var/www/joomtu_2012/joomtu/protected/modules/srbac/components/Helper.php (488)
in /var/www/joomtu_2012/joomtu/protected/modules/srbac/SrbacModule.php (104)
in /var/www/joomtu_2012/joomtu/protected/modules/srbac/components/Helper.php (339)
2012/04/05 20:41:53 [trace] [system.CModule] Loading "themeManager" application component
in /var/www/joomtu_2012/joomtu/protected/controllers/SiteController.php (67)
2012/04/05 20:41:53 [trace] [system.CModule] Loading "widgetFactory" application component
in /var/www/joomtu_2012/joomtu/themes/classic/views/layouts/column1.php (1)
in /var/www/joomtu_2012/joomtu/protected/controllers/SiteController.php (67)
2012/04/05 20:41:53 [trace] [system.CModule] Loading "user" application component
in /var/www/joomtu_2012/joomtu/themes/classic/views/layouts/main.php (29)
in /var/www/joomtu_2012/joomtu/themes/classic/views/layouts/column1.php (3)
in /var/www/joomtu_2012/joomtu/protected/controllers/SiteController.php (67)
2012/04/05 20:41:53 [trace] [system.CModule] Loading "session" application component
in /var/www/joomtu_2012/joomtu/themes/classic/views/layouts/main.php (29)
in /var/www/joomtu_2012/joomtu/themes/classic/views/layouts/column1.php (3)
in /var/www/joomtu_2012/joomtu/protected/controllers/SiteController.php (67)
2012/04/05 20:41:53 [trace] [system.CModule] Loading "securityManager" application component
in /var/www/joomtu_2012/joomtu/themes/classic/views/layouts/main.php (29)
in /var/www/joomtu_2012/joomtu/themes/classic/views/layouts/column1.php (3)
in /var/www/joomtu_2012/joomtu/protected/controllers/SiteController.php (67)
2012/04/05 20:41:53 [trace] [system.CModule] Loading "statePersister" application component
in /var/www/joomtu_2012/joomtu/themes/classic/views/layouts/main.php (29)
in /var/www/joomtu_2012/joomtu/themes/classic/views/layouts/column1.php (3)
in /var/www/joomtu_2012/joomtu/protected/controllers/SiteController.php (67)
2012/04/05 20:41:53 [trace] [system.caching.CMemCache] Serving "Yii.CStatePersister./var/www/joomtu_2012/joomtu/protected/runtime/state.bin" from cache
in /var/www/joomtu_2012/joomtu/themes/classic/views/layouts/main.php (29)
in /var/www/joomtu_2012/joomtu/themes/classic/views/layouts/column1.php (3)
in /var/www/joomtu_2012/joomtu/protected/controllers/SiteController.php (67)
